2.4291 	WARNING 	User requested fullscreen with size [1920 1080], but screen is actually [1512, 982]. Using actual size
3.7585 	WARNING 	Couldn't measure a consistent frame rate!
  - Is your graphics card set to sync to vertical blank?
  - Are you running other processes on your computer?

3.7588 	EXP 	Created window1 = Window(allowGUI=True, allowStencil=False, autoLog=True, backendConf=UNKNOWN, bitsMode=UNKNOWN, blendMode='avg', bpc=(8, 8, 8), color=array([0, 0, 0]), colorSpace='rgb', depthBits=8, fullscr=<method-wrapper '__getattribute__' of attributeSetter object at 0x7fc86a170970>, gamma=None, gammaErrorPolicy='raise', lms=UNKNOWN, monitor=<psychopy.monitors.calibTools.Monitor object at 0x7fc86841fd90>, multiSample=False, name='window1', numSamples=2, pos=[378.0, 245.5], screen=0, size=array([3024, 1964]), stencilBits=0, stereo=False, units='pix', useFBO=True, useRetina=True, viewOri=0.0, viewPos=None, viewScale=None, waitBlanking=True, winType='pyglet')
3.7589 	EXP 	window1: mouseVisible = True
3.7595 	EXP 	window1: mouseVisible = False
3.7596 	EXP 	window1: Attempting to measure frame rate of screen (0) ...
3.7596 	EXP 	window1: recordFrameIntervals = False
3.8457 	EXP 	window1: recordFrameIntervals = True
4.6727 	WARNING 	Couldn't measure a consistent frame rate!
  - Is your graphics card set to sync to vertical blank?
  - Are you running other processes on your computer?

4.6791 	EXP 	Created unnamed ImageStim = ImageStim(__class__=<class 'psychopy.visual.image.ImageStim'>, anchor=('center', 'center'), autoLog=True, color=array([1, 1, 1]), colorSpace='rgb', contrast=1.0, depth=0.0, flipHoriz=False, flipVert=False, image='sin', interpolate=False, mask=None, maskParams=None, name='unnamed ImageStim', opacity=1.0, ori=0.0, pos=array([0., 0.]), size=array([10., 10.]), texRes=128, units='deg', win=Window(...))
4.6829 	EXP 	Created unnamed ImageStim = ImageStim(__class__=<class 'psychopy.visual.image.ImageStim'>, anchor=('center', 'center'), autoLog=True, color=array([1, 1, 1]), colorSpace='rgb', contrast=1.0, depth=0.0, flipHoriz=False, flipVert=False, image='sin', interpolate=False, mask=None, maskParams=None, name='unnamed ImageStim', opacity=1.0, ori=0.0, pos=array([-8.,  0.]), size=array([6., 6.]), texRes=128, units='deg', win=Window(...))
4.6869 	EXP 	Created unnamed ImageStim = ImageStim(__class__=<class 'psychopy.visual.image.ImageStim'>, anchor=('center', 'center'), autoLog=True, color=array([1, 1, 1]), colorSpace='rgb', contrast=1.0, depth=0.0, flipHoriz=False, flipVert=False, image='sin', interpolate=False, mask=None, maskParams=None, name='unnamed ImageStim', opacity=1.0, ori=0.0, pos=array([0., 0.]), size=array([6., 6.]), texRes=128, units='deg', win=Window(...))
4.6907 	EXP 	Created unnamed ImageStim = ImageStim(__class__=<class 'psychopy.visual.image.ImageStim'>, anchor=('center', 'center'), autoLog=True, color=array([1, 1, 1]), colorSpace='rgb', contrast=1.0, depth=0.0, flipHoriz=False, flipVert=False, image='sin', interpolate=False, mask=None, maskParams=None, name='unnamed ImageStim', opacity=1.0, ori=0.0, pos=array([8., 0.]), size=array([6., 6.]), texRes=128, units='deg', win=Window(...))
4.6942 	EXP 	Created unnamed ImageStim = ImageStim(__class__=<class 'psychopy.visual.image.ImageStim'>, anchor=('center', 'center'), autoLog=True, color=array([1, 1, 1]), colorSpace='rgb', contrast=1.0, depth=0.0, flipHoriz=False, flipVert=False, image='sin', interpolate=False, mask=None, maskParams=None, name='unnamed ImageStim', opacity=1.0, ori=0.0, pos=array([0.        , 3.63636364]), size=array([10., 10.]), texRes=128, units='deg', win=Window(...))
4.6986 	EXP 	Created unnamed Rect = Rect(__class__=<class 'psychopy.visual.rect.Rect'>, anchor=('center', 'center'), autoDraw=False, autoLog=True, closeShape=True, color=method-wrapper(...), colorSpace='rgb', contrast=None, depth=1, fillColor=array([0, 0, 0]), fillColorSpace='rgb', fillRGB=array([0, 0, 0]), interpolate=False, lineColor=array([-1, -1, -1]), lineColorSpace='rgb', lineRGB=array([-1, -1, -1]), lineWidth=20, name='unnamed Rect', opacity=0.5, ori=0.0, pos=array([-8.,  0.]), size=array([6., 6.]), units='deg', vertices=ndarray(...), win=Window(...))
4.6998 	EXP 	Created unnamed Rect = Rect(__class__=<class 'psychopy.visual.rect.Rect'>, anchor=('center', 'center'), autoDraw=False, autoLog=True, closeShape=True, color=method-wrapper(...), colorSpace='rgb', contrast=None, depth=1, fillColor=array([0, 0, 0]), fillColorSpace='rgb', fillRGB=array([0, 0, 0]), interpolate=False, lineColor=array([-1, -1, -1]), lineColorSpace='rgb', lineRGB=array([-1, -1, -1]), lineWidth=20, name='unnamed Rect', opacity=0.5, ori=0.0, pos=array([0., 0.]), size=array([6., 6.]), units='deg', vertices=ndarray(...), win=Window(...))
4.7009 	EXP 	Created unnamed Rect = Rect(__class__=<class 'psychopy.visual.rect.Rect'>, anchor=('center', 'center'), autoDraw=False, autoLog=True, closeShape=True, color=method-wrapper(...), colorSpace='rgb', contrast=None, depth=1, fillColor=array([0, 0, 0]), fillColorSpace='rgb', fillRGB=array([0, 0, 0]), interpolate=False, lineColor=array([-1, -1, -1]), lineColorSpace='rgb', lineRGB=array([-1, -1, -1]), lineWidth=20, name='unnamed Rect', opacity=0.5, ori=0.0, pos=array([8., 0.]), size=array([6., 6.]), units='deg', vertices=ndarray(...), win=Window(...))
4.7332 	EXP 	Created cross = TextStim(__class__=<class 'psychopy.visual.text.TextStim'>, alignHoriz=method-wrapper(...), alignText='center', alignVert=method-wrapper(...), anchorHoriz='center', anchorVert='center', antialias=True, autoDraw=False, autoLog=True, bold=False, color=array([1, 1, 1]), colorSpace='rgb', contrast=1.0, depth=0.0, flipHoriz=False, flipVert=False, font='Arial', fontFiles=[], height=59.73, italic=False, languageStyle='LTR', name='cross', opacity=1.0, ori=0, pos=array([0., 0.]), rgb=UNKNOWN, text='+', units='pix', win=Window(...), wrapWidth=500)
4.7365 	EXP 	Created unnamed Circle = Circle(__class__=<class 'psychopy.visual.circle.Circle'>, anchor=('center', 'center'), autoDraw=False, autoLog=True, closeShape=True, color=method-wrapper(...), colorSpace='rgb', contrast=None, depth=0, fillColor=array([-1, -1, -1]), fillColorSpace='rgb', fillRGB=array([-1, -1, -1]), interpolate=True, lineColor=array([-1, -1, -1]), lineColorSpace='rgb', lineRGB=array([-1, -1, -1]), lineWidth=1.5, name='unnamed Circle', opacity=1.0, ori=0.0, pos=array([0., 0.]), size=array([1., 1.]), units='deg', vertices=ndarray(...), win=Window(...))
4.7380 	EXP 	Created unnamed Circle = Circle(__class__=<class 'psychopy.visual.circle.Circle'>, anchor=('center', 'center'), autoDraw=False, autoLog=True, closeShape=True, color=method-wrapper(...), colorSpace='rgb', contrast=None, depth=0, fillColor=array([0.9, 0. , 0. ]), fillColorSpace='rgb', fillRGB=array([0.9, 0. , 0. ]), interpolate=True, lineColor=array([0.9, 0. , 0. ]), lineColorSpace='rgb', lineRGB=array([0.9, 0. , 0. ]), lineWidth=1.5, name='unnamed Circle', opacity=1.0, ori=0.0, pos=array([0., 0.]), size=array([1., 1.]), units='deg', vertices=ndarray(...), win=Window(...))
4.7394 	EXP 	Created unnamed Circle = Circle(__class__=<class 'psychopy.visual.circle.Circle'>, anchor=('center', 'center'), autoDraw=False, autoLog=True, closeShape=True, color=method-wrapper(...), colorSpace='rgb', contrast=None, depth=0, fillColor=array([0. , 0.9, 0. ]), fillColorSpace='rgb', fillRGB=array([0. , 0.9, 0. ]), interpolate=True, lineColor=array([0. , 0.9, 0. ]), lineColorSpace='rgb', lineRGB=array([0. , 0.9, 0. ]), lineWidth=1.5, name='unnamed Circle', opacity=1.0, ori=0.0, pos=array([0., 0.]), size=array([1., 1.]), units='deg', vertices=ndarray(...), win=Window(...))
4.7466 	EXP 	Created unnamed TextStim = TextStim(__class__=<class 'psychopy.visual.text.TextStim'>, alignHoriz=method-wrapper(...), alignText='center', alignVert=method-wrapper(...), anchorHoriz='center', anchorVert='center', antialias=True, autoDraw=False, autoLog=True, bold=False, color=array([-1.        ,  0.00392157, -1.        ]), colorSpace='rgb', contrast=1.0, depth=0.0, flipHoriz=False, flipVert=False, font='Arial', fontFiles=[], height=0.9954999999999999, italic=False, languageStyle='LTR', name='unnamed TextStim', opacity=1.0, ori=0, pos=array([ 0.        , -5.55555556]), rgb=UNKNOWN, text='X degrees away!', units='deg', win=Window(...), wrapWidth=15.0)
4.7492 	EXP 	Created unnamed TextStim = TextStim(__class__=<class 'psychopy.visual.text.TextStim'>, alignHoriz=method-wrapper(...), alignText='center', alignVert=method-wrapper(...), anchorHoriz='center', anchorVert='center', antialias=True, autoDraw=False, autoLog=True, bold=False, color=array([-1, -1, -1]), colorSpace='rgb', contrast=1.0, depth=0.0, flipHoriz=False, flipVert=False, font='Arial', fontFiles=[], height=1.1945999999999999, italic=False, languageStyle='LTR', name='unnamed TextStim', opacity=1.0, ori=0, pos=array([-8.1300813 , -4.16666667]), rgb=UNKNOWN, text='1', units='deg', win=Window(...), wrapWidth=15.0)
4.7509 	EXP 	Created unnamed TextStim = TextStim(__class__=<class 'psychopy.visual.text.TextStim'>, alignHoriz=method-wrapper(...), alignText='center', alignVert=method-wrapper(...), anchorHoriz='center', anchorVert='center', antialias=True, autoDraw=False, autoLog=True, bold=False, color=array([-1, -1, -1]), colorSpace='rgb', contrast=1.0, depth=0.0, flipHoriz=False, flipVert=False, font='Arial', fontFiles=[], height=1.1945999999999999, italic=False, languageStyle='LTR', name='unnamed TextStim', opacity=1.0, ori=0, pos=array([ 0.        , -4.16666667]), rgb=UNKNOWN, text='2', units='deg', win=Window(...), wrapWidth=15.0)
4.7526 	EXP 	Created unnamed TextStim = TextStim(__class__=<class 'psychopy.visual.text.TextStim'>, alignHoriz=method-wrapper(...), alignText='center', alignVert=method-wrapper(...), anchorHoriz='center', anchorVert='center', antialias=True, autoDraw=False, autoLog=True, bold=False, color=array([-1, -1, -1]), colorSpace='rgb', contrast=1.0, depth=0.0, flipHoriz=False, flipVert=False, font='Arial', fontFiles=[], height=1.1945999999999999, italic=False, languageStyle='LTR', name='unnamed TextStim', opacity=1.0, ori=0, pos=array([ 8.1300813 , -4.16666667]), rgb=UNKNOWN, text='3', units='deg', win=Window(...), wrapWidth=15.0)
4.7612 	EXP 	Created Waiting = TextStim(__class__=<class 'psychopy.visual.text.TextStim'>, alignHoriz=method-wrapper(...), alignText='center', alignVert=method-wrapper(...), anchorHoriz='center', anchorVert='center', antialias=True, autoDraw=False, autoLog=True, bold=False, color=array([1., 1., 1.]), colorSpace='rgb', contrast=1.0, depth=0, flipHoriz=False, flipVert=False, font='', fontFiles=[], height=50.7, italic=False, languageStyle='LTR', name='Waiting', opacity=1.0, ori=0.0, pos=array([0., 0.]), rgb=UNKNOWN, text='Loading images... (may take a minute)', units='pix', win=Window(...), wrapWidth=1292)
4.7654 	WARNING 	t of last frame was 92.74ms (=1/10)
4.7833 	EXP 	Created Waiting = TextStim(__class__=<class 'psychopy.visual.text.TextStim'>, alignHoriz=method-wrapper(...), alignText='center', alignVert=method-wrapper(...), anchorHoriz='center', anchorVert='center', antialias=True, autoDraw=False, autoLog=True, bold=False, color=array([1., 1., 1.]), colorSpace='rgb', contrast=1.0, depth=0, flipHoriz=False, flipVert=False, font='', fontFiles=[], height=50.7, italic=False, languageStyle='LTR', name='Waiting', opacity=1.0, ori=0.0, pos=array([0., 0.]), rgb=UNKNOWN, text='Loading face images... (16.7%)', units='pix', win=Window(...), wrapWidth=1292)
4.7859 	WARNING 	t of last frame was 20.48ms (=1/48)
4.7859 	EXP 	unnamed ImageStim: image = '/Users/ps6938/My Drive/Projects/FaceRepulsion/stimuli/face_triangles/5_60.jpg'
4.7859 	EXP 	unnamed ImageStim: image = '/Users/ps6938/My Drive/Projects/FaceRepulsion/stimuli/face_triangles/5_20.jpg'
4.7859 	EXP 	unnamed ImageStim: image = '/Users/ps6938/My Drive/Projects/FaceRepulsion/stimuli/face_triangles/placeholder.jpg'
4.7927 	EXP 	Created Waiting = TextStim(__class__=<class 'psychopy.visual.text.TextStim'>, alignHoriz=method-wrapper(...), alignText='center', alignVert=method-wrapper(...), anchorHoriz='center', anchorVert='center', antialias=True, autoDraw=False, autoLog=True, bold=False, color=array([1., 1., 1.]), colorSpace='rgb', contrast=1.0, depth=0, flipHoriz=False, flipVert=False, font='', fontFiles=[], height=50.7, italic=False, languageStyle='LTR', name='Waiting', opacity=1.0, ori=0.0, pos=array([0., 0.]), rgb=UNKNOWN, text='Loading face images... (33.3%)', units='pix', win=Window(...), wrapWidth=1292)
4.7953 	EXP 	unnamed ImageStim: image = '/Users/ps6938/My Drive/Projects/FaceRepulsion/stimuli/face_triangles/6_60.jpg'
4.7953 	EXP 	unnamed ImageStim: image = '/Users/ps6938/My Drive/Projects/FaceRepulsion/stimuli/face_triangles/6_20.jpg'
4.7953 	EXP 	unnamed ImageStim: image = '/Users/ps6938/My Drive/Projects/FaceRepulsion/stimuli/face_triangles/placeholder.jpg'
4.8025 	EXP 	Created Waiting = TextStim(__class__=<class 'psychopy.visual.text.TextStim'>, alignHoriz=method-wrapper(...), alignText='center', alignVert=method-wrapper(...), anchorHoriz='center', anchorVert='center', antialias=True, autoDraw=False, autoLog=True, bold=False, color=array([1., 1., 1.]), colorSpace='rgb', contrast=1.0, depth=0, flipHoriz=False, flipVert=False, font='', fontFiles=[], height=50.7, italic=False, languageStyle='LTR', name='Waiting', opacity=1.0, ori=0.0, pos=array([0., 0.]), rgb=UNKNOWN, text='Loading face images... (50.0%)', units='pix', win=Window(...), wrapWidth=1292)
4.8050 	EXP 	unnamed ImageStim: image = '/Users/ps6938/My Drive/Projects/FaceRepulsion/stimuli/face_triangles/7_60.jpg'
4.8050 	EXP 	unnamed ImageStim: image = '/Users/ps6938/My Drive/Projects/FaceRepulsion/stimuli/face_triangles/7_20.jpg'
4.8050 	EXP 	unnamed ImageStim: image = '/Users/ps6938/My Drive/Projects/FaceRepulsion/stimuli/face_triangles/placeholder.jpg'
4.8115 	EXP 	Created Waiting = TextStim(__class__=<class 'psychopy.visual.text.TextStim'>, alignHoriz=method-wrapper(...), alignText='center', alignVert=method-wrapper(...), anchorHoriz='center', anchorVert='center', antialias=True, autoDraw=False, autoLog=True, bold=False, color=array([1., 1., 1.]), colorSpace='rgb', contrast=1.0, depth=0, flipHoriz=False, flipVert=False, font='', fontFiles=[], height=50.7, italic=False, languageStyle='LTR', name='Waiting', opacity=1.0, ori=0.0, pos=array([0., 0.]), rgb=UNKNOWN, text='Loading face images... (66.7%)', units='pix', win=Window(...), wrapWidth=1292)
4.8141 	EXP 	unnamed ImageStim: image = '/Users/ps6938/My Drive/Projects/FaceRepulsion/stimuli/face_triangles/8_60.jpg'
4.8141 	EXP 	unnamed ImageStim: image = '/Users/ps6938/My Drive/Projects/FaceRepulsion/stimuli/face_triangles/8_20.jpg'
4.8141 	EXP 	unnamed ImageStim: image = '/Users/ps6938/My Drive/Projects/FaceRepulsion/stimuli/face_triangles/placeholder.jpg'
4.8212 	EXP 	Created Waiting = TextStim(__class__=<class 'psychopy.visual.text.TextStim'>, alignHoriz=method-wrapper(...), alignText='center', alignVert=method-wrapper(...), anchorHoriz='center', anchorVert='center', antialias=True, autoDraw=False, autoLog=True, bold=False, color=array([1., 1., 1.]), colorSpace='rgb', contrast=1.0, depth=0, flipHoriz=False, flipVert=False, font='', fontFiles=[], height=50.7, italic=False, languageStyle='LTR', name='Waiting', opacity=1.0, ori=0.0, pos=array([0., 0.]), rgb=UNKNOWN, text='Loading face images... (83.3%)', units='pix', win=Window(...), wrapWidth=1292)
4.8236 	EXP 	unnamed ImageStim: image = '/Users/ps6938/My Drive/Projects/FaceRepulsion/stimuli/face_triangles/9_60.jpg'
4.8236 	EXP 	unnamed ImageStim: image = '/Users/ps6938/My Drive/Projects/FaceRepulsion/stimuli/face_triangles/9_20.jpg'
4.8236 	EXP 	unnamed ImageStim: image = '/Users/ps6938/My Drive/Projects/FaceRepulsion/stimuli/face_triangles/placeholder.jpg'
4.8302 	EXP 	Created Waiting = TextStim(__class__=<class 'psychopy.visual.text.TextStim'>, alignHoriz=method-wrapper(...), alignText='center', alignVert=method-wrapper(...), anchorHoriz='center', anchorVert='center', antialias=True, autoDraw=False, autoLog=True, bold=False, color=array([1., 1., 1.]), colorSpace='rgb', contrast=1.0, depth=0, flipHoriz=False, flipVert=False, font='', fontFiles=[], height=50.7, italic=False, languageStyle='LTR', name='Waiting', opacity=1.0, ori=0.0, pos=array([0., 0.]), rgb=UNKNOWN, text='Loading face images... (100.0%)', units='pix', win=Window(...), wrapWidth=1292)
4.8328 	EXP 	unnamed ImageStim: image = '/Users/ps6938/My Drive/Projects/FaceRepulsion/stimuli/face_triangles/10_60.jpg'
4.8328 	EXP 	unnamed ImageStim: image = '/Users/ps6938/My Drive/Projects/FaceRepulsion/stimuli/face_triangles/10_20.jpg'
4.8328 	EXP 	unnamed ImageStim: image = '/Users/ps6938/My Drive/Projects/FaceRepulsion/stimuli/face_triangles/placeholder.jpg'
4.8330 	WARNING 	Requested image '/Users/ps6938/My Drive/Projects/FaceRepulsion/stimuli/objects_seq_v_sim/object4.png' not found but similar filename '/Users/ps6938/My Drive/Projects/FaceRepulsion/stimuli/objects_seq_v_sim/object4.jpg' exists. This will be used instead but changing the filename is advised.
4.8348 	WARNING 	Requested image '/Users/ps6938/My Drive/Projects/FaceRepulsion/stimuli/objects_seq_v_sim/object4.png' not found but similar filename '/Users/ps6938/My Drive/Projects/FaceRepulsion/stimuli/objects_seq_v_sim/object4.jpg' exists. This will be used instead but changing the filename is advised.
4.8358 	WARNING 	Requested image '/Users/ps6938/My Drive/Projects/FaceRepulsion/stimuli/objects_seq_v_sim/object4.png' not found but similar filename '/Users/ps6938/My Drive/Projects/FaceRepulsion/stimuli/objects_seq_v_sim/object4.jpg' exists. This will be used instead but changing the filename is advised.
4.8434 	EXP 	Created Waiting = TextStim(__class__=<class 'psychopy.visual.text.TextStim'>, alignHoriz=method-wrapper(...), alignText='center', alignVert=method-wrapper(...), anchorHoriz='center', anchorVert='center', antialias=True, autoDraw=False, autoLog=True, bold=False, color=array([1., 1., 1.]), colorSpace='rgb', contrast=1.0, depth=0, flipHoriz=False, flipVert=False, font='', fontFiles=[], height=50.7, italic=False, languageStyle='LTR', name='Waiting', opacity=1.0, ori=0.0, pos=array([0., 0.]), rgb=UNKNOWN, text='Loading object images... (0.0%)', units='pix', win=Window(...), wrapWidth=1292)
4.8459 	EXP 	unnamed ImageStim: image = '/Users/ps6938/My Drive/Projects/FaceRepulsion/stimuli/objects_seq_v_sim/object4.png'
4.8459 	EXP 	unnamed ImageStim: image = '/Users/ps6938/My Drive/Projects/FaceRepulsion/stimuli/objects_seq_v_sim/object4.png'
4.8459 	EXP 	unnamed ImageStim: image = '/Users/ps6938/My Drive/Projects/FaceRepulsion/stimuli/objects_seq_v_sim/object4.png'
4.8459 	EXP 	unnamed ImageStim: image = '/Users/ps6938/My Drive/Projects/FaceRepulsion/stimuli/face_triangles/placeholder.jpg'
4.8459 	EXP 	unnamed ImageStim: image = '/Users/ps6938/My Drive/Projects/FaceRepulsion/stimuli/face_triangles/placeholder.jpg'
4.8459 	EXP 	unnamed ImageStim: image = '/Users/ps6938/My Drive/Projects/FaceRepulsion/stimuli/face_triangles/placeholder.jpg'
4.8460 	WARNING 	Requested image '/Users/ps6938/My Drive/Projects/FaceRepulsion/stimuli/objects_seq_v_sim/object2.png' not found but similar filename '/Users/ps6938/My Drive/Projects/FaceRepulsion/stimuli/objects_seq_v_sim/object2.jpg' exists. This will be used instead but changing the filename is advised.
4.8476 	WARNING 	Requested image '/Users/ps6938/My Drive/Projects/FaceRepulsion/stimuli/objects_seq_v_sim/object2.png' not found but similar filename '/Users/ps6938/My Drive/Projects/FaceRepulsion/stimuli/objects_seq_v_sim/object2.jpg' exists. This will be used instead but changing the filename is advised.
4.8487 	WARNING 	Requested image '/Users/ps6938/My Drive/Projects/FaceRepulsion/stimuli/objects_seq_v_sim/object2.png' not found but similar filename '/Users/ps6938/My Drive/Projects/FaceRepulsion/stimuli/objects_seq_v_sim/object2.jpg' exists. This will be used instead but changing the filename is advised.
4.8548 	EXP 	Created Waiting = TextStim(__class__=<class 'psychopy.visual.text.TextStim'>, alignHoriz=method-wrapper(...), alignText='center', alignVert=method-wrapper(...), anchorHoriz='center', anchorVert='center', antialias=True, autoDraw=False, autoLog=True, bold=False, color=array([1., 1., 1.]), colorSpace='rgb', contrast=1.0, depth=0, flipHoriz=False, flipVert=False, font='', fontFiles=[], height=50.7, italic=False, languageStyle='LTR', name='Waiting', opacity=1.0, ori=0.0, pos=array([0., 0.]), rgb=UNKNOWN, text='Loading object images... (8.3%)', units='pix', win=Window(...), wrapWidth=1292)
4.8575 	EXP 	unnamed ImageStim: image = '/Users/ps6938/My Drive/Projects/FaceRepulsion/stimuli/objects_seq_v_sim/object2.png'
4.8575 	EXP 	unnamed ImageStim: image = '/Users/ps6938/My Drive/Projects/FaceRepulsion/stimuli/objects_seq_v_sim/object2.png'
4.8575 	EXP 	unnamed ImageStim: image = '/Users/ps6938/My Drive/Projects/FaceRepulsion/stimuli/objects_seq_v_sim/object2.png'
4.8575 	EXP 	unnamed ImageStim: image = '/Users/ps6938/My Drive/Projects/FaceRepulsion/stimuli/face_triangles/placeholder.jpg'
4.8575 	EXP 	unnamed ImageStim: image = '/Users/ps6938/My Drive/Projects/FaceRepulsion/stimuli/face_triangles/placeholder.jpg'
4.8575 	EXP 	unnamed ImageStim: image = '/Users/ps6938/My Drive/Projects/FaceRepulsion/stimuli/face_triangles/placeholder.jpg'
4.8577 	WARNING 	Requested image '/Users/ps6938/My Drive/Projects/FaceRepulsion/stimuli/objects_seq_v_sim/object10.png' not found but similar filename '/Users/ps6938/My Drive/Projects/FaceRepulsion/stimuli/objects_seq_v_sim/object10.jpg' exists. This will be used instead but changing the filename is advised.
4.8588 	WARNING 	Requested image '/Users/ps6938/My Drive/Projects/FaceRepulsion/stimuli/objects_seq_v_sim/object10.png' not found but similar filename '/Users/ps6938/My Drive/Projects/FaceRepulsion/stimuli/objects_seq_v_sim/object10.jpg' exists. This will be used instead but changing the filename is advised.
4.8596 	WARNING 	Requested image '/Users/ps6938/My Drive/Projects/FaceRepulsion/stimuli/objects_seq_v_sim/object10.png' not found but similar filename '/Users/ps6938/My Drive/Projects/FaceRepulsion/stimuli/objects_seq_v_sim/object10.jpg' exists. This will be used instead but changing the filename is advised.
4.8655 	EXP 	Created Waiting = TextStim(__class__=<class 'psychopy.visual.text.TextStim'>, alignHoriz=method-wrapper(...), alignText='center', alignVert=method-wrapper(...), anchorHoriz='center', anchorVert='center', antialias=True, autoDraw=False, autoLog=True, bold=False, color=array([1., 1., 1.]), colorSpace='rgb', contrast=1.0, depth=0, flipHoriz=False, flipVert=False, font='', fontFiles=[], height=50.7, italic=False, languageStyle='LTR', name='Waiting', opacity=1.0, ori=0.0, pos=array([0., 0.]), rgb=UNKNOWN, text='Loading object images... (16.7%)', units='pix', win=Window(...), wrapWidth=1292)
4.8700 	EXP 	unnamed ImageStim: image = '/Users/ps6938/My Drive/Projects/FaceRepulsion/stimuli/objects_seq_v_sim/object10.png'
4.8700 	EXP 	unnamed ImageStim: image = '/Users/ps6938/My Drive/Projects/FaceRepulsion/stimuli/objects_seq_v_sim/object10.png'
4.8700 	EXP 	unnamed ImageStim: image = '/Users/ps6938/My Drive/Projects/FaceRepulsion/stimuli/objects_seq_v_sim/object10.png'
4.8700 	EXP 	unnamed ImageStim: image = '/Users/ps6938/My Drive/Projects/FaceRepulsion/stimuli/face_triangles/placeholder.jpg'
4.8700 	EXP 	unnamed ImageStim: image = '/Users/ps6938/My Drive/Projects/FaceRepulsion/stimuli/face_triangles/placeholder.jpg'
4.8700 	EXP 	unnamed ImageStim: image = '/Users/ps6938/My Drive/Projects/FaceRepulsion/stimuli/face_triangles/placeholder.jpg'
4.8701 	WARNING 	Requested image '/Users/ps6938/My Drive/Projects/FaceRepulsion/stimuli/objects_seq_v_sim/object11.png' not found but similar filename '/Users/ps6938/My Drive/Projects/FaceRepulsion/stimuli/objects_seq_v_sim/object11.jpg' exists. This will be used instead but changing the filename is advised.
4.8715 	WARNING 	Requested image '/Users/ps6938/My Drive/Projects/FaceRepulsion/stimuli/objects_seq_v_sim/object11.png' not found but similar filename '/Users/ps6938/My Drive/Projects/FaceRepulsion/stimuli/objects_seq_v_sim/object11.jpg' exists. This will be used instead but changing the filename is advised.
4.8724 	WARNING 	Requested image '/Users/ps6938/My Drive/Projects/FaceRepulsion/stimuli/objects_seq_v_sim/object11.png' not found but similar filename '/Users/ps6938/My Drive/Projects/FaceRepulsion/stimuli/objects_seq_v_sim/object11.jpg' exists. This will be used instead but changing the filename is advised.
4.8799 	EXP 	Created Waiting = TextStim(__class__=<class 'psychopy.visual.text.TextStim'>, alignHoriz=method-wrapper(...), alignText='center', alignVert=method-wrapper(...), anchorHoriz='center', anchorVert='center', antialias=True, autoDraw=False, autoLog=True, bold=False, color=array([1., 1., 1.]), colorSpace='rgb', contrast=1.0, depth=0, flipHoriz=False, flipVert=False, font='', fontFiles=[], height=50.7, italic=False, languageStyle='LTR', name='Waiting', opacity=1.0, ori=0.0, pos=array([0., 0.]), rgb=UNKNOWN, text='Loading object images... (25.0%)', units='pix', win=Window(...), wrapWidth=1292)
4.8823 	EXP 	unnamed ImageStim: image = '/Users/ps6938/My Drive/Projects/FaceRepulsion/stimuli/objects_seq_v_sim/object11.png'
4.8823 	EXP 	unnamed ImageStim: image = '/Users/ps6938/My Drive/Projects/FaceRepulsion/stimuli/objects_seq_v_sim/object11.png'
4.8823 	EXP 	unnamed ImageStim: image = '/Users/ps6938/My Drive/Projects/FaceRepulsion/stimuli/objects_seq_v_sim/object11.png'
4.8823 	EXP 	unnamed ImageStim: image = '/Users/ps6938/My Drive/Projects/FaceRepulsion/stimuli/face_triangles/placeholder.jpg'
4.8823 	EXP 	unnamed ImageStim: image = '/Users/ps6938/My Drive/Projects/FaceRepulsion/stimuli/face_triangles/placeholder.jpg'
4.8823 	EXP 	unnamed ImageStim: image = '/Users/ps6938/My Drive/Projects/FaceRepulsion/stimuli/face_triangles/placeholder.jpg'
4.8824 	WARNING 	Requested image '/Users/ps6938/My Drive/Projects/FaceRepulsion/stimuli/objects_seq_v_sim/object6.png' not found but similar filename '/Users/ps6938/My Drive/Projects/FaceRepulsion/stimuli/objects_seq_v_sim/object6.jpg' exists. This will be used instead but changing the filename is advised.
4.8841 	WARNING 	Requested image '/Users/ps6938/My Drive/Projects/FaceRepulsion/stimuli/objects_seq_v_sim/object6.png' not found but similar filename '/Users/ps6938/My Drive/Projects/FaceRepulsion/stimuli/objects_seq_v_sim/object6.jpg' exists. This will be used instead but changing the filename is advised.
4.8850 	WARNING 	Requested image '/Users/ps6938/My Drive/Projects/FaceRepulsion/stimuli/objects_seq_v_sim/object6.png' not found but similar filename '/Users/ps6938/My Drive/Projects/FaceRepulsion/stimuli/objects_seq_v_sim/object6.jpg' exists. This will be used instead but changing the filename is advised.
4.8909 	EXP 	Created Waiting = TextStim(__class__=<class 'psychopy.visual.text.TextStim'>, alignHoriz=method-wrapper(...), alignText='center', alignVert=method-wrapper(...), anchorHoriz='center', anchorVert='center', antialias=True, autoDraw=False, autoLog=True, bold=False, color=array([1., 1., 1.]), colorSpace='rgb', contrast=1.0, depth=0, flipHoriz=False, flipVert=False, font='', fontFiles=[], height=50.7, italic=False, languageStyle='LTR', name='Waiting', opacity=1.0, ori=0.0, pos=array([0., 0.]), rgb=UNKNOWN, text='Loading object images... (33.3%)', units='pix', win=Window(...), wrapWidth=1292)
4.8935 	EXP 	unnamed ImageStim: image = '/Users/ps6938/My Drive/Projects/FaceRepulsion/stimuli/objects_seq_v_sim/object6.png'
4.8935 	EXP 	unnamed ImageStim: image = '/Users/ps6938/My Drive/Projects/FaceRepulsion/stimuli/objects_seq_v_sim/object6.png'
4.8935 	EXP 	unnamed ImageStim: image = '/Users/ps6938/My Drive/Projects/FaceRepulsion/stimuli/objects_seq_v_sim/object6.png'
4.8935 	EXP 	unnamed ImageStim: image = '/Users/ps6938/My Drive/Projects/FaceRepulsion/stimuli/face_triangles/placeholder.jpg'
4.8935 	EXP 	unnamed ImageStim: image = '/Users/ps6938/My Drive/Projects/FaceRepulsion/stimuli/face_triangles/placeholder.jpg'
4.8935 	EXP 	unnamed ImageStim: image = '/Users/ps6938/My Drive/Projects/FaceRepulsion/stimuli/face_triangles/placeholder.jpg'
4.8937 	WARNING 	Requested image '/Users/ps6938/My Drive/Projects/FaceRepulsion/stimuli/objects_seq_v_sim/object7.png' not found but similar filename '/Users/ps6938/My Drive/Projects/FaceRepulsion/stimuli/objects_seq_v_sim/object7.jpg' exists. This will be used instead but changing the filename is advised.
4.8948 	WARNING 	Requested image '/Users/ps6938/My Drive/Projects/FaceRepulsion/stimuli/objects_seq_v_sim/object7.png' not found but similar filename '/Users/ps6938/My Drive/Projects/FaceRepulsion/stimuli/objects_seq_v_sim/object7.jpg' exists. This will be used instead but changing the filename is advised.
4.8956 	WARNING 	Requested image '/Users/ps6938/My Drive/Projects/FaceRepulsion/stimuli/objects_seq_v_sim/object7.png' not found but similar filename '/Users/ps6938/My Drive/Projects/FaceRepulsion/stimuli/objects_seq_v_sim/object7.jpg' exists. This will be used instead but changing the filename is advised.
4.9022 	EXP 	Created Waiting = TextStim(__class__=<class 'psychopy.visual.text.TextStim'>, alignHoriz=method-wrapper(...), alignText='center', alignVert=method-wrapper(...), anchorHoriz='center', anchorVert='center', antialias=True, autoDraw=False, autoLog=True, bold=False, color=array([1., 1., 1.]), colorSpace='rgb', contrast=1.0, depth=0, flipHoriz=False, flipVert=False, font='', fontFiles=[], height=50.7, italic=False, languageStyle='LTR', name='Waiting', opacity=1.0, ori=0.0, pos=array([0., 0.]), rgb=UNKNOWN, text='Loading object images... (41.7%)', units='pix', win=Window(...), wrapWidth=1292)
4.9047 	EXP 	unnamed ImageStim: image = '/Users/ps6938/My Drive/Projects/FaceRepulsion/stimuli/objects_seq_v_sim/object7.png'
4.9047 	EXP 	unnamed ImageStim: image = '/Users/ps6938/My Drive/Projects/FaceRepulsion/stimuli/objects_seq_v_sim/object7.png'
4.9047 	EXP 	unnamed ImageStim: image = '/Users/ps6938/My Drive/Projects/FaceRepulsion/stimuli/objects_seq_v_sim/object7.png'
4.9047 	EXP 	unnamed ImageStim: image = '/Users/ps6938/My Drive/Projects/FaceRepulsion/stimuli/face_triangles/placeholder.jpg'
4.9047 	EXP 	unnamed ImageStim: image = '/Users/ps6938/My Drive/Projects/FaceRepulsion/stimuli/face_triangles/placeholder.jpg'
4.9047 	EXP 	unnamed ImageStim: image = '/Users/ps6938/My Drive/Projects/FaceRepulsion/stimuli/face_triangles/placeholder.jpg'
4.9160 	EXP 	Created unnamed TextStim = TextStim(__class__=<class 'psychopy.visual.text.TextStim'>, alignHoriz=method-wrapper(...), alignText='center', alignVert=method-wrapper(...), anchorHoriz='center', anchorVert='center', antialias=True, autoDraw=False, autoLog=True, bold=False, color=array([1., 1., 1.]), colorSpace='rgb', contrast=1.0, depth=0, flipHoriz=False, flipVert=False, font='', fontFiles=[], height=50.7, italic=False, languageStyle='LTR', name='unnamed TextStim', opacity=1.0, ori=0.0, pos=array([0., 0.]), rgb=UNKNOWN, text=str(...), units='pix', win=Window(...), wrapWidth=1292)
5.8222 	DATA 	Keypress: 3
5.8479 	WARNING 	t of last frame was 929.27ms (=1/1)
5.8479 	EXP 	unnamed ImageStim: image = '/Users/ps6938/My Drive/Projects/FaceRepulsion/stimuli/face_triangles/6_20.jpg'
7.8613 	WARNING 	t of last frame was 2013.42ms (=1/0)
8.0679 	WARNING 	Multiple dropped frames have occurred - I'll stop bothering you about them!
8.0679 	EXP 	unnamed ImageStim: image = '/Users/ps6938/My Drive/Projects/FaceRepulsion/stimuli/objects_seq_v_sim/object2.jpg'
11.2645 	EXP 	unnamed ImageStim: image = '/Users/ps6938/My Drive/Projects/FaceRepulsion/stimuli/face_triangles/5_20.jpg'
13.4597 	EXP 	unnamed ImageStim: image = '/Users/ps6938/My Drive/Projects/FaceRepulsion/stimuli/objects_seq_v_sim/object4.jpg'
16.6645 	EXP 	unnamed ImageStim: image = '/Users/ps6938/My Drive/Projects/FaceRepulsion/stimuli/face_triangles/7_20.jpg'
18.8641 	EXP 	unnamed ImageStim: image = '/Users/ps6938/My Drive/Projects/FaceRepulsion/stimuli/objects_seq_v_sim/object10.jpg'
22.0686 	EXP 	unnamed ImageStim: image = '/Users/ps6938/My Drive/Projects/FaceRepulsion/stimuli/face_triangles/5_60.jpg'
24.2580 	EXP 	unnamed ImageStim: image = '/Users/ps6938/My Drive/Projects/FaceRepulsion/stimuli/objects_seq_v_sim/object11.jpg'
27.4657 	EXP 	unnamed ImageStim: image = '/Users/ps6938/My Drive/Projects/FaceRepulsion/stimuli/face_triangles/7_60.jpg'
29.6529 	EXP 	unnamed ImageStim: image = '/Users/ps6938/My Drive/Projects/FaceRepulsion/stimuli/objects_seq_v_sim/object7.jpg'
32.8601 	EXP 	unnamed ImageStim: image = '/Users/ps6938/My Drive/Projects/FaceRepulsion/stimuli/face_triangles/6_60.jpg'
35.0704 	EXP 	unnamed ImageStim: image = '/Users/ps6938/My Drive/Projects/FaceRepulsion/stimuli/objects_seq_v_sim/object6.jpg'
38.2595 	EXP 	unnamed ImageStim: image = '/Users/ps6938/My Drive/Projects/FaceRepulsion/stimuli/face_triangles/6_20.jpg'
40.4929 	EXP 	unnamed ImageStim: image = '/Users/ps6938/My Drive/Projects/FaceRepulsion/stimuli/objects_seq_v_sim/object2.jpg'
43.6781 	EXP 	unnamed ImageStim: image = '/Users/ps6938/My Drive/Projects/FaceRepulsion/stimuli/face_triangles/5_20.jpg'
45.8748 	EXP 	unnamed ImageStim: image = '/Users/ps6938/My Drive/Projects/FaceRepulsion/stimuli/objects_seq_v_sim/object4.jpg'
49.0669 	EXP 	unnamed ImageStim: image = '/Users/ps6938/My Drive/Projects/FaceRepulsion/stimuli/face_triangles/7_60.jpg'
51.2743 	EXP 	unnamed ImageStim: image = '/Users/ps6938/My Drive/Projects/FaceRepulsion/stimuli/objects_seq_v_sim/object7.jpg'
54.4742 	EXP 	unnamed ImageStim: image = '/Users/ps6938/My Drive/Projects/FaceRepulsion/stimuli/face_triangles/6_60.jpg'
56.6632 	EXP 	unnamed ImageStim: image = '/Users/ps6938/My Drive/Projects/FaceRepulsion/stimuli/objects_seq_v_sim/object6.jpg'
59.8700 	EXP 	unnamed ImageStim: image = '/Users/ps6938/My Drive/Projects/FaceRepulsion/stimuli/face_triangles/7_20.jpg'
62.0735 	EXP 	unnamed ImageStim: image = '/Users/ps6938/My Drive/Projects/FaceRepulsion/stimuli/objects_seq_v_sim/object10.jpg'
65.2750 	EXP 	unnamed ImageStim: image = '/Users/ps6938/My Drive/Projects/FaceRepulsion/stimuli/face_triangles/5_60.jpg'
67.4706 	EXP 	unnamed ImageStim: image = '/Users/ps6938/My Drive/Projects/FaceRepulsion/stimuli/objects_seq_v_sim/object11.jpg'
70.6785 	EXP 	Created unnamed TextStim = TextStim(__class__=<class 'psychopy.visual.text.TextStim'>, alignHoriz=method-wrapper(...), alignText='center', alignVert=method-wrapper(...), anchorHoriz='center', anchorVert='center', antialias=True, autoDraw=False, autoLog=True, bold=False, color=array([1., 1., 1.]), colorSpace='rgb', contrast=1.0, depth=0, flipHoriz=False, flipVert=False, font='', fontFiles=[], height=50.7, italic=False, languageStyle='LTR', name='unnamed TextStim', opacity=1.0, ori=0.0, pos=array([0., 0.]), rgb=UNKNOWN, text=str(...), units='pix', win=Window(...), wrapWidth=1292)
80.8685 	DATA 	Keypress: 3
80.9059 	EXP 	unnamed ImageStim: image = '/Users/ps6938/My Drive/Projects/FaceRepulsion/stimuli/face_triangles/7_20.jpg'
83.1059 	WARNING 	Requested image '/Users/ps6938/My Drive/Projects/FaceRepulsion/stimuli/objects_seq_v_sim/object10.png' not found but similar filename '/Users/ps6938/My Drive/Projects/FaceRepulsion/stimuli/objects_seq_v_sim/object10.jpg' exists. This will be used instead but changing the filename is advised.
83.1125 	WARNING 	Requested image '/Users/ps6938/My Drive/Projects/FaceRepulsion/stimuli/objects_seq_v_sim/object4.png' not found but similar filename '/Users/ps6938/My Drive/Projects/FaceRepulsion/stimuli/objects_seq_v_sim/object4.jpg' exists. This will be used instead but changing the filename is advised.
83.1164 	WARNING 	Requested image '/Users/ps6938/My Drive/Projects/FaceRepulsion/stimuli/objects_seq_v_sim/object7.png' not found but similar filename '/Users/ps6938/My Drive/Projects/FaceRepulsion/stimuli/objects_seq_v_sim/object7.jpg' exists. This will be used instead but changing the filename is advised.
83.1322 	EXP 	unnamed ImageStim: image = '/Users/ps6938/My Drive/Projects/FaceRepulsion/stimuli/objects_seq_v_sim/object10.png'
83.1322 	EXP 	unnamed ImageStim: image = '/Users/ps6938/My Drive/Projects/FaceRepulsion/stimuli/objects_seq_v_sim/object4.png'
83.1322 	EXP 	unnamed ImageStim: image = '/Users/ps6938/My Drive/Projects/FaceRepulsion/stimuli/objects_seq_v_sim/object7.png'
84.7687 	DATA 	Keypress: 2
84.7915 	EXP 	unnamed TextStim: font = 'Arial'
84.7915 	EXP 	unnamed TextStim: bold = True
84.7915 	EXP 	unnamed TextStim: height = 1.1945999999999999
84.7915 	EXP 	unnamed TextStim: height = 1.1945999999999999
84.7915 	EXP 	unnamed TextStim: height = 1.1945999999999999
84.7915 	EXP 	unnamed TextStim: text = '2'
85.6188 	EXP 	unnamed TextStim: font = 'Arial'
85.6188 	EXP 	unnamed TextStim: bold = False
85.6188 	EXP 	unnamed TextStim: font = 'Arial'
85.6188 	EXP 	unnamed TextStim: bold = False
85.6188 	EXP 	unnamed TextStim: font = 'Arial'
85.6188 	EXP 	unnamed TextStim: bold = False
85.8027 	EXP 	unnamed Rect: borderColor = [0, 1, 0]
85.8027 	EXP 	unnamed Rect: borderColor = [-1, -1, -1]
89.0116 	EXP 	unnamed ImageStim: image = '/Users/ps6938/My Drive/Projects/FaceRepulsion/stimuli/face_triangles/5_20.jpg'
91.1919 	WARNING 	Requested image '/Users/ps6938/My Drive/Projects/FaceRepulsion/stimuli/objects_seq_v_sim/object4.png' not found but similar filename '/Users/ps6938/My Drive/Projects/FaceRepulsion/stimuli/objects_seq_v_sim/object4.jpg' exists. This will be used instead but changing the filename is advised.
91.1967 	WARNING 	Requested image '/Users/ps6938/My Drive/Projects/FaceRepulsion/stimuli/objects_seq_v_sim/object7.png' not found but similar filename '/Users/ps6938/My Drive/Projects/FaceRepulsion/stimuli/objects_seq_v_sim/object7.jpg' exists. This will be used instead but changing the filename is advised.
91.1981 	WARNING 	Requested image '/Users/ps6938/My Drive/Projects/FaceRepulsion/stimuli/objects_seq_v_sim/object11.png' not found but similar filename '/Users/ps6938/My Drive/Projects/FaceRepulsion/stimuli/objects_seq_v_sim/object11.jpg' exists. This will be used instead but changing the filename is advised.
91.2203 	EXP 	unnamed ImageStim: image = '/Users/ps6938/My Drive/Projects/FaceRepulsion/stimuli/objects_seq_v_sim/object4.png'
91.2203 	EXP 	unnamed ImageStim: image = '/Users/ps6938/My Drive/Projects/FaceRepulsion/stimuli/objects_seq_v_sim/object7.png'
91.2203 	EXP 	unnamed ImageStim: image = '/Users/ps6938/My Drive/Projects/FaceRepulsion/stimuli/objects_seq_v_sim/object11.png'
91.2203 	EXP 	unnamed TextStim: height = 1.1945999999999999
91.2203 	EXP 	unnamed TextStim: height = 1.1945999999999999
91.2203 	EXP 	unnamed TextStim: height = 1.1945999999999999
91.2203 	EXP 	unnamed TextStim: text = '3'
91.2203 	EXP 	unnamed TextStim: height = 1.1945999999999999
91.2203 	EXP 	unnamed TextStim: height = 1.1945999999999999
91.2203 	EXP 	unnamed TextStim: height = 1.1945999999999999
91.2203 	EXP 	unnamed TextStim: text = '2'
91.2203 	EXP 	unnamed TextStim: height = 1.1945999999999999
91.2203 	EXP 	unnamed TextStim: height = 1.1945999999999999
91.2203 	EXP 	unnamed TextStim: height = 1.1945999999999999
91.2203 	EXP 	unnamed TextStim: text = '1'
92.2507 	DATA 	Keypress: 2
92.2590 	EXP 	unnamed TextStim: font = 'Arial'
92.2590 	EXP 	unnamed TextStim: bold = True
92.2590 	EXP 	unnamed TextStim: height = 1.1945999999999999
92.2590 	EXP 	unnamed TextStim: height = 1.1945999999999999
92.2590 	EXP 	unnamed TextStim: height = 1.1945999999999999
92.2590 	EXP 	unnamed TextStim: text = '2'
93.7129 	EXP 	unnamed TextStim: font = 'Arial'
93.7129 	EXP 	unnamed TextStim: bold = False
93.7129 	EXP 	unnamed TextStim: font = 'Arial'
93.7129 	EXP 	unnamed TextStim: bold = False
93.7129 	EXP 	unnamed TextStim: font = 'Arial'
93.7129 	EXP 	unnamed TextStim: bold = False
93.9187 	EXP 	unnamed Rect: borderColor = [0, 1, 0]
93.9187 	EXP 	unnamed Rect: borderColor = [-1, -1, -1]
97.1244 	EXP 	unnamed ImageStim: image = '/Users/ps6938/My Drive/Projects/FaceRepulsion/stimuli/face_triangles/6_20.jpg'
99.2944 	WARNING 	Requested image '/Users/ps6938/My Drive/Projects/FaceRepulsion/stimuli/objects_seq_v_sim/object11.png' not found but similar filename '/Users/ps6938/My Drive/Projects/FaceRepulsion/stimuli/objects_seq_v_sim/object11.jpg' exists. This will be used instead but changing the filename is advised.
99.2980 	WARNING 	Requested image '/Users/ps6938/My Drive/Projects/FaceRepulsion/stimuli/objects_seq_v_sim/object6.png' not found but similar filename '/Users/ps6938/My Drive/Projects/FaceRepulsion/stimuli/objects_seq_v_sim/object6.jpg' exists. This will be used instead but changing the filename is advised.
99.3014 	WARNING 	Requested image '/Users/ps6938/My Drive/Projects/FaceRepulsion/stimuli/objects_seq_v_sim/object2.png' not found but similar filename '/Users/ps6938/My Drive/Projects/FaceRepulsion/stimuli/objects_seq_v_sim/object2.jpg' exists. This will be used instead but changing the filename is advised.
99.3172 	EXP 	unnamed ImageStim: image = '/Users/ps6938/My Drive/Projects/FaceRepulsion/stimuli/objects_seq_v_sim/object11.png'
99.3172 	EXP 	unnamed ImageStim: image = '/Users/ps6938/My Drive/Projects/FaceRepulsion/stimuli/objects_seq_v_sim/object6.png'
99.3172 	EXP 	unnamed ImageStim: image = '/Users/ps6938/My Drive/Projects/FaceRepulsion/stimuli/objects_seq_v_sim/object2.png'
99.3172 	EXP 	unnamed TextStim: height = 1.1945999999999999
99.3172 	EXP 	unnamed TextStim: height = 1.1945999999999999
99.3172 	EXP 	unnamed TextStim: height = 1.1945999999999999
99.3172 	EXP 	unnamed TextStim: text = '3'
99.3172 	EXP 	unnamed TextStim: height = 1.1945999999999999
99.3172 	EXP 	unnamed TextStim: height = 1.1945999999999999
99.3172 	EXP 	unnamed TextStim: height = 1.1945999999999999
99.3172 	EXP 	unnamed TextStim: text = '2'
99.3172 	EXP 	unnamed TextStim: height = 1.1945999999999999
99.3172 	EXP 	unnamed TextStim: height = 1.1945999999999999
99.3172 	EXP 	unnamed TextStim: height = 1.1945999999999999
99.3172 	EXP 	unnamed TextStim: text = '1'
100.0406 	DATA 	Keypress: 3
100.0512 	EXP 	unnamed TextStim: font = 'Arial'
100.0512 	EXP 	unnamed TextStim: bold = True
100.0512 	EXP 	unnamed TextStim: height = 1.1945999999999999
100.0512 	EXP 	unnamed TextStim: height = 1.1945999999999999
100.0512 	EXP 	unnamed TextStim: height = 1.1945999999999999
100.0512 	EXP 	unnamed TextStim: text = '3'
101.8274 	EXP 	unnamed TextStim: font = 'Arial'
101.8274 	EXP 	unnamed TextStim: bold = False
101.8274 	EXP 	unnamed TextStim: font = 'Arial'
101.8274 	EXP 	unnamed TextStim: bold = False
101.8274 	EXP 	unnamed TextStim: font = 'Arial'
101.8274 	EXP 	unnamed TextStim: bold = False
102.0077 	EXP 	unnamed Rect: borderColor = [0, 1, 0]
102.0077 	EXP 	unnamed Rect: borderColor = [-1, -1, -1]
105.2055 	EXP 	unnamed ImageStim: image = '/Users/ps6938/My Drive/Projects/FaceRepulsion/stimuli/face_triangles/5_60.jpg'
107.3944 	WARNING 	Requested image '/Users/ps6938/My Drive/Projects/FaceRepulsion/stimuli/objects_seq_v_sim/object4.png' not found but similar filename '/Users/ps6938/My Drive/Projects/FaceRepulsion/stimuli/objects_seq_v_sim/object4.jpg' exists. This will be used instead but changing the filename is advised.
107.4036 	WARNING 	Requested image '/Users/ps6938/My Drive/Projects/FaceRepulsion/stimuli/objects_seq_v_sim/object11.png' not found but similar filename '/Users/ps6938/My Drive/Projects/FaceRepulsion/stimuli/objects_seq_v_sim/object11.jpg' exists. This will be used instead but changing the filename is advised.
107.4072 	WARNING 	Requested image '/Users/ps6938/My Drive/Projects/FaceRepulsion/stimuli/objects_seq_v_sim/object6.png' not found but similar filename '/Users/ps6938/My Drive/Projects/FaceRepulsion/stimuli/objects_seq_v_sim/object6.jpg' exists. This will be used instead but changing the filename is advised.
107.4233 	EXP 	unnamed ImageStim: image = '/Users/ps6938/My Drive/Projects/FaceRepulsion/stimuli/objects_seq_v_sim/object4.png'
107.4233 	EXP 	unnamed ImageStim: image = '/Users/ps6938/My Drive/Projects/FaceRepulsion/stimuli/objects_seq_v_sim/object11.png'
107.4233 	EXP 	unnamed ImageStim: image = '/Users/ps6938/My Drive/Projects/FaceRepulsion/stimuli/objects_seq_v_sim/object6.png'
107.4233 	EXP 	unnamed TextStim: height = 1.1945999999999999
107.4233 	EXP 	unnamed TextStim: height = 1.1945999999999999
107.4233 	EXP 	unnamed TextStim: height = 1.1945999999999999
107.4233 	EXP 	unnamed TextStim: text = '3'
107.4233 	EXP 	unnamed TextStim: height = 1.1945999999999999
107.4233 	EXP 	unnamed TextStim: height = 1.1945999999999999
107.4233 	EXP 	unnamed TextStim: height = 1.1945999999999999
107.4233 	EXP 	unnamed TextStim: text = '2'
107.4233 	EXP 	unnamed TextStim: height = 1.1945999999999999
107.4233 	EXP 	unnamed TextStim: height = 1.1945999999999999
107.4233 	EXP 	unnamed TextStim: height = 1.1945999999999999
107.4233 	EXP 	unnamed TextStim: text = '1'
107.9514 	DATA 	Keypress: 1
107.9666 	EXP 	unnamed TextStim: font = 'Arial'
107.9666 	EXP 	unnamed TextStim: bold = True
107.9666 	EXP 	unnamed TextStim: height = 1.1945999999999999
107.9666 	EXP 	unnamed TextStim: height = 1.1945999999999999
107.9666 	EXP 	unnamed TextStim: height = 1.1945999999999999
107.9666 	EXP 	unnamed TextStim: text = '1'
108.9574 	DATA 	Keypress: 2
108.9760 	EXP 	unnamed TextStim: font = 'Arial'
108.9760 	EXP 	unnamed TextStim: bold = False
108.9760 	EXP 	unnamed TextStim: font = 'Arial'
108.9760 	EXP 	unnamed TextStim: bold = False
108.9760 	EXP 	unnamed TextStim: font = 'Arial'
108.9760 	EXP 	unnamed TextStim: bold = False
108.9760 	EXP 	unnamed TextStim: font = 'Arial'
108.9760 	EXP 	unnamed TextStim: bold = True
108.9760 	EXP 	unnamed TextStim: height = 1.1945999999999999
108.9760 	EXP 	unnamed TextStim: height = 1.1945999999999999
108.9760 	EXP 	unnamed TextStim: height = 1.1945999999999999
108.9760 	EXP 	unnamed TextStim: text = '2'
108.9760 	EXP 	unnamed TextStim: height = 1.1945999999999999
108.9760 	EXP 	unnamed TextStim: height = 1.1945999999999999
108.9760 	EXP 	unnamed TextStim: height = 1.1945999999999999
108.9760 	EXP 	unnamed TextStim: text = '1'
108.9760 	EXP 	unnamed TextStim: height = 1.1945999999999999
108.9760 	EXP 	unnamed TextStim: height = 1.1945999999999999
108.9760 	EXP 	unnamed TextStim: height = 1.1945999999999999
108.9760 	EXP 	unnamed TextStim: text = '3'
109.9142 	EXP 	unnamed TextStim: font = 'Arial'
109.9142 	EXP 	unnamed TextStim: bold = False
109.9142 	EXP 	unnamed TextStim: font = 'Arial'
109.9142 	EXP 	unnamed TextStim: bold = False
109.9142 	EXP 	unnamed TextStim: font = 'Arial'
109.9142 	EXP 	unnamed TextStim: bold = False
110.1172 	EXP 	unnamed Rect: borderColor = [0, 1, 0]
110.1172 	EXP 	unnamed Rect: borderColor = [-1, -1, -1]
113.3123 	EXP 	unnamed ImageStim: image = '/Users/ps6938/My Drive/Projects/FaceRepulsion/stimuli/face_triangles/6_60.jpg'
115.5104 	WARNING 	Requested image '/Users/ps6938/My Drive/Projects/FaceRepulsion/stimuli/objects_seq_v_sim/object10.png' not found but similar filename '/Users/ps6938/My Drive/Projects/FaceRepulsion/stimuli/objects_seq_v_sim/object10.jpg' exists. This will be used instead but changing the filename is advised.
115.5138 	WARNING 	Requested image '/Users/ps6938/My Drive/Projects/FaceRepulsion/stimuli/objects_seq_v_sim/object2.png' not found but similar filename '/Users/ps6938/My Drive/Projects/FaceRepulsion/stimuli/objects_seq_v_sim/object2.jpg' exists. This will be used instead but changing the filename is advised.
115.5178 	WARNING 	Requested image '/Users/ps6938/My Drive/Projects/FaceRepulsion/stimuli/objects_seq_v_sim/object6.png' not found but similar filename '/Users/ps6938/My Drive/Projects/FaceRepulsion/stimuli/objects_seq_v_sim/object6.jpg' exists. This will be used instead but changing the filename is advised.
115.5342 	EXP 	unnamed ImageStim: image = '/Users/ps6938/My Drive/Projects/FaceRepulsion/stimuli/objects_seq_v_sim/object10.png'
115.5342 	EXP 	unnamed ImageStim: image = '/Users/ps6938/My Drive/Projects/FaceRepulsion/stimuli/objects_seq_v_sim/object2.png'
115.5342 	EXP 	unnamed ImageStim: image = '/Users/ps6938/My Drive/Projects/FaceRepulsion/stimuli/objects_seq_v_sim/object6.png'
115.5342 	EXP 	unnamed TextStim: height = 1.1945999999999999
115.5342 	EXP 	unnamed TextStim: height = 1.1945999999999999
115.5342 	EXP 	unnamed TextStim: height = 1.1945999999999999
115.5342 	EXP 	unnamed TextStim: text = '3'
115.5342 	EXP 	unnamed TextStim: height = 1.1945999999999999
115.5342 	EXP 	unnamed TextStim: height = 1.1945999999999999
115.5342 	EXP 	unnamed TextStim: height = 1.1945999999999999
115.5342 	EXP 	unnamed TextStim: text = '2'
115.5342 	EXP 	unnamed TextStim: height = 1.1945999999999999
115.5342 	EXP 	unnamed TextStim: height = 1.1945999999999999
115.5342 	EXP 	unnamed TextStim: height = 1.1945999999999999
115.5342 	EXP 	unnamed TextStim: text = '1'
117.2098 	DATA 	Keypress: 1
117.2265 	EXP 	unnamed TextStim: font = 'Arial'
117.2265 	EXP 	unnamed TextStim: bold = True
117.2265 	EXP 	unnamed TextStim: height = 1.1945999999999999
117.2265 	EXP 	unnamed TextStim: height = 1.1945999999999999
117.2265 	EXP 	unnamed TextStim: height = 1.1945999999999999
117.2265 	EXP 	unnamed TextStim: text = '1'
118.0020 	EXP 	unnamed TextStim: font = 'Arial'
118.0020 	EXP 	unnamed TextStim: bold = False
118.0020 	EXP 	unnamed TextStim: font = 'Arial'
118.0020 	EXP 	unnamed TextStim: bold = False
118.0020 	EXP 	unnamed TextStim: font = 'Arial'
118.0020 	EXP 	unnamed TextStim: bold = False
118.1997 	EXP 	unnamed Rect: borderColor = [0, 1, 0]
118.1997 	EXP 	unnamed Rect: borderColor = [-1, -1, -1]
121.4204 	EXP 	unnamed ImageStim: image = '/Users/ps6938/My Drive/Projects/FaceRepulsion/stimuli/face_triangles/7_60.jpg'
123.6032 	WARNING 	Requested image '/Users/ps6938/My Drive/Projects/FaceRepulsion/stimuli/objects_seq_v_sim/object2.png' not found but similar filename '/Users/ps6938/My Drive/Projects/FaceRepulsion/stimuli/objects_seq_v_sim/object2.jpg' exists. This will be used instead but changing the filename is advised.
123.6094 	WARNING 	Requested image '/Users/ps6938/My Drive/Projects/FaceRepulsion/stimuli/objects_seq_v_sim/object10.png' not found but similar filename '/Users/ps6938/My Drive/Projects/FaceRepulsion/stimuli/objects_seq_v_sim/object10.jpg' exists. This will be used instead but changing the filename is advised.
123.6126 	WARNING 	Requested image '/Users/ps6938/My Drive/Projects/FaceRepulsion/stimuli/objects_seq_v_sim/object7.png' not found but similar filename '/Users/ps6938/My Drive/Projects/FaceRepulsion/stimuli/objects_seq_v_sim/object7.jpg' exists. This will be used instead but changing the filename is advised.
123.6290 	EXP 	unnamed ImageStim: image = '/Users/ps6938/My Drive/Projects/FaceRepulsion/stimuli/objects_seq_v_sim/object2.png'
123.6290 	EXP 	unnamed ImageStim: image = '/Users/ps6938/My Drive/Projects/FaceRepulsion/stimuli/objects_seq_v_sim/object10.png'
123.6290 	EXP 	unnamed ImageStim: image = '/Users/ps6938/My Drive/Projects/FaceRepulsion/stimuli/objects_seq_v_sim/object7.png'
123.6290 	EXP 	unnamed TextStim: height = 1.1945999999999999
123.6290 	EXP 	unnamed TextStim: height = 1.1945999999999999
123.6290 	EXP 	unnamed TextStim: height = 1.1945999999999999
123.6290 	EXP 	unnamed TextStim: text = '3'
123.6290 	EXP 	unnamed TextStim: height = 1.1945999999999999
123.6290 	EXP 	unnamed TextStim: height = 1.1945999999999999
123.6290 	EXP 	unnamed TextStim: height = 1.1945999999999999
123.6290 	EXP 	unnamed TextStim: text = '2'
123.6290 	EXP 	unnamed TextStim: height = 1.1945999999999999
123.6290 	EXP 	unnamed TextStim: height = 1.1945999999999999
123.6290 	EXP 	unnamed TextStim: height = 1.1945999999999999
123.6290 	EXP 	unnamed TextStim: text = '1'
124.1989 	DATA 	Keypress: 3
124.2107 	EXP 	unnamed TextStim: font = 'Arial'
124.2107 	EXP 	unnamed TextStim: bold = True
124.2107 	EXP 	unnamed TextStim: height = 1.1945999999999999
124.2107 	EXP 	unnamed TextStim: height = 1.1945999999999999
124.2107 	EXP 	unnamed TextStim: height = 1.1945999999999999
124.2107 	EXP 	unnamed TextStim: text = '3'
124.9153 	DATA 	Keypress: 1
124.9322 	EXP 	unnamed TextStim: font = 'Arial'
124.9322 	EXP 	unnamed TextStim: bold = False
124.9322 	EXP 	unnamed TextStim: font = 'Arial'
124.9322 	EXP 	unnamed TextStim: bold = False
124.9322 	EXP 	unnamed TextStim: font = 'Arial'
124.9322 	EXP 	unnamed TextStim: bold = False
124.9322 	EXP 	unnamed TextStim: font = 'Arial'
124.9322 	EXP 	unnamed TextStim: bold = True
124.9322 	EXP 	unnamed TextStim: height = 1.1945999999999999
124.9322 	EXP 	unnamed TextStim: height = 1.1945999999999999
124.9322 	EXP 	unnamed TextStim: height = 1.1945999999999999
124.9322 	EXP 	unnamed TextStim: text = '1'
124.9322 	EXP 	unnamed TextStim: height = 1.1945999999999999
124.9322 	EXP 	unnamed TextStim: height = 1.1945999999999999
124.9322 	EXP 	unnamed TextStim: height = 1.1945999999999999
124.9322 	EXP 	unnamed TextStim: text = '2'
124.9322 	EXP 	unnamed TextStim: height = 1.1945999999999999
124.9322 	EXP 	unnamed TextStim: height = 1.1945999999999999
124.9322 	EXP 	unnamed TextStim: height = 1.1945999999999999
124.9322 	EXP 	unnamed TextStim: text = '3'
126.1130 	EXP 	unnamed TextStim: font = 'Arial'
126.1130 	EXP 	unnamed TextStim: bold = False
126.1130 	EXP 	unnamed TextStim: font = 'Arial'
126.1130 	EXP 	unnamed TextStim: bold = False
126.1130 	EXP 	unnamed TextStim: font = 'Arial'
126.1130 	EXP 	unnamed TextStim: bold = False
126.3154 	EXP 	unnamed Rect: borderColor = [0, 1, 0]
126.3154 	EXP 	unnamed Rect: borderColor = [-1, -1, -1]
129.5377 	EXP 	Created unnamed TextStim = TextStim(__class__=<class 'psychopy.visual.text.TextStim'>, alignHoriz=method-wrapper(...), alignText='center', alignVert=method-wrapper(...), anchorHoriz='center', anchorVert='center', antialias=True, autoDraw=False, autoLog=True, bold=False, color=array([1., 1., 1.]), colorSpace='rgb', contrast=1.0, depth=0, flipHoriz=False, flipVert=False, font='', fontFiles=[], height=50.7, italic=False, languageStyle='LTR', name='unnamed TextStim', opacity=1.0, ori=0.0, pos=array([0., 0.]), rgb=UNKNOWN, text=str(...), units='pix', win=Window(...), wrapWidth=1292)
130.2060 	DATA 	Keypress: 3
130.2398 	EXP 	unnamed ImageStim: image = '/Users/ps6938/My Drive/Projects/FaceRepulsion/stimuli/face_triangles/7_60.jpg'
132.4531 	EXP 	unnamed ImageStim: image = '/Users/ps6938/My Drive/Projects/FaceRepulsion/stimuli/objects_seq_v_sim/object7.jpg'
135.6444 	EXP 	unnamed ImageStim: image = '/Users/ps6938/My Drive/Projects/FaceRepulsion/stimuli/face_triangles/6_20.jpg'
137.8596 	EXP 	unnamed ImageStim: image = '/Users/ps6938/My Drive/Projects/FaceRepulsion/stimuli/objects_seq_v_sim/object2.jpg'
141.0618 	EXP 	unnamed ImageStim: image = '/Users/ps6938/My Drive/Projects/FaceRepulsion/stimuli/face_triangles/5_60.jpg'
143.2527 	EXP 	unnamed ImageStim: image = '/Users/ps6938/My Drive/Projects/FaceRepulsion/stimuli/objects_seq_v_sim/object11.jpg'
146.4498 	EXP 	unnamed ImageStim: image = '/Users/ps6938/My Drive/Projects/FaceRepulsion/stimuli/face_triangles/7_20.jpg'
148.6445 	EXP 	unnamed ImageStim: image = '/Users/ps6938/My Drive/Projects/FaceRepulsion/stimuli/objects_seq_v_sim/object10.jpg'
151.8613 	EXP 	unnamed ImageStim: image = '/Users/ps6938/My Drive/Projects/FaceRepulsion/stimuli/face_triangles/5_20.jpg'
154.0462 	EXP 	unnamed ImageStim: image = '/Users/ps6938/My Drive/Projects/FaceRepulsion/stimuli/objects_seq_v_sim/object4.jpg'
157.2609 	EXP 	unnamed ImageStim: image = '/Users/ps6938/My Drive/Projects/FaceRepulsion/stimuli/face_triangles/6_60.jpg'
159.4586 	EXP 	unnamed ImageStim: image = '/Users/ps6938/My Drive/Projects/FaceRepulsion/stimuli/objects_seq_v_sim/object6.jpg'
162.6469 	EXP 	unnamed ImageStim: image = '/Users/ps6938/My Drive/Projects/FaceRepulsion/stimuli/face_triangles/5_20.jpg'
164.8679 	EXP 	unnamed ImageStim: image = '/Users/ps6938/My Drive/Projects/FaceRepulsion/stimuli/objects_seq_v_sim/object4.jpg'
168.0675 	EXP 	unnamed ImageStim: image = '/Users/ps6938/My Drive/Projects/FaceRepulsion/stimuli/face_triangles/6_60.jpg'
170.2570 	EXP 	unnamed ImageStim: image = '/Users/ps6938/My Drive/Projects/FaceRepulsion/stimuli/objects_seq_v_sim/object6.jpg'
173.4828 	EXP 	unnamed ImageStim: image = '/Users/ps6938/My Drive/Projects/FaceRepulsion/stimuli/face_triangles/7_20.jpg'
175.6633 	EXP 	unnamed ImageStim: image = '/Users/ps6938/My Drive/Projects/FaceRepulsion/stimuli/objects_seq_v_sim/object10.jpg'
178.8569 	EXP 	unnamed ImageStim: image = '/Users/ps6938/My Drive/Projects/FaceRepulsion/stimuli/face_triangles/5_60.jpg'
181.0514 	EXP 	unnamed ImageStim: image = '/Users/ps6938/My Drive/Projects/FaceRepulsion/stimuli/objects_seq_v_sim/object11.jpg'
184.2632 	EXP 	unnamed ImageStim: image = '/Users/ps6938/My Drive/Projects/FaceRepulsion/stimuli/face_triangles/7_60.jpg'
186.4584 	EXP 	unnamed ImageStim: image = '/Users/ps6938/My Drive/Projects/FaceRepulsion/stimuli/objects_seq_v_sim/object7.jpg'
189.6591 	EXP 	unnamed ImageStim: image = '/Users/ps6938/My Drive/Projects/FaceRepulsion/stimuli/face_triangles/6_20.jpg'
191.8584 	EXP 	unnamed ImageStim: image = '/Users/ps6938/My Drive/Projects/FaceRepulsion/stimuli/objects_seq_v_sim/object2.jpg'
195.0781 	EXP 	Created unnamed TextStim = TextStim(__class__=<class 'psychopy.visual.text.TextStim'>, alignHoriz=method-wrapper(...), alignText='center', alignVert=method-wrapper(...), anchorHoriz='center', anchorVert='center', antialias=True, autoDraw=False, autoLog=True, bold=False, color=array([1., 1., 1.]), colorSpace='rgb', contrast=1.0, depth=0, flipHoriz=False, flipVert=False, font='', fontFiles=[], height=50.7, italic=False, languageStyle='LTR', name='unnamed TextStim', opacity=1.0, ori=0.0, pos=array([0., 0.]), rgb=UNKNOWN, text=str(...), units='pix', win=Window(...), wrapWidth=1292)
196.8007 	DATA 	Keypress: 3
196.8764 	EXP 	unnamed ImageStim: image = '/Users/ps6938/My Drive/Projects/FaceRepulsion/stimuli/face_triangles/7_60.jpg'
199.0399 	WARNING 	Requested image '/Users/ps6938/My Drive/Projects/FaceRepulsion/stimuli/objects_seq_v_sim/object11.png' not found but similar filename '/Users/ps6938/My Drive/Projects/FaceRepulsion/stimuli/objects_seq_v_sim/object11.jpg' exists. This will be used instead but changing the filename is advised.
199.0460 	WARNING 	Requested image '/Users/ps6938/My Drive/Projects/FaceRepulsion/stimuli/objects_seq_v_sim/object10.png' not found but similar filename '/Users/ps6938/My Drive/Projects/FaceRepulsion/stimuli/objects_seq_v_sim/object10.jpg' exists. This will be used instead but changing the filename is advised.
199.0488 	WARNING 	Requested image '/Users/ps6938/My Drive/Projects/FaceRepulsion/stimuli/objects_seq_v_sim/object7.png' not found but similar filename '/Users/ps6938/My Drive/Projects/FaceRepulsion/stimuli/objects_seq_v_sim/object7.jpg' exists. This will be used instead but changing the filename is advised.
199.0669 	EXP 	unnamed ImageStim: image = '/Users/ps6938/My Drive/Projects/FaceRepulsion/stimuli/objects_seq_v_sim/object11.png'
199.0669 	EXP 	unnamed ImageStim: image = '/Users/ps6938/My Drive/Projects/FaceRepulsion/stimuli/objects_seq_v_sim/object10.png'
199.0669 	EXP 	unnamed ImageStim: image = '/Users/ps6938/My Drive/Projects/FaceRepulsion/stimuli/objects_seq_v_sim/object7.png'
199.0669 	EXP 	unnamed TextStim: height = 1.1945999999999999
199.0669 	EXP 	unnamed TextStim: height = 1.1945999999999999
199.0669 	EXP 	unnamed TextStim: height = 1.1945999999999999
199.0669 	EXP 	unnamed TextStim: text = '3'
199.0669 	EXP 	unnamed TextStim: height = 1.1945999999999999
199.0669 	EXP 	unnamed TextStim: height = 1.1945999999999999
199.0669 	EXP 	unnamed TextStim: height = 1.1945999999999999
199.0669 	EXP 	unnamed TextStim: text = '2'
199.0669 	EXP 	unnamed TextStim: height = 1.1945999999999999
199.0669 	EXP 	unnamed TextStim: height = 1.1945999999999999
199.0669 	EXP 	unnamed TextStim: height = 1.1945999999999999
199.0669 	EXP 	unnamed TextStim: text = '1'
200.3104 	DATA 	Keypress: 3
200.3250 	EXP 	unnamed TextStim: font = 'Arial'
200.3250 	EXP 	unnamed TextStim: bold = True
200.3250 	EXP 	unnamed TextStim: height = 1.1945999999999999
200.3250 	EXP 	unnamed TextStim: height = 1.1945999999999999
200.3250 	EXP 	unnamed TextStim: height = 1.1945999999999999
200.3250 	EXP 	unnamed TextStim: text = '3'
201.5515 	EXP 	unnamed TextStim: font = 'Arial'
201.5515 	EXP 	unnamed TextStim: bold = False
201.5515 	EXP 	unnamed TextStim: font = 'Arial'
201.5515 	EXP 	unnamed TextStim: bold = False
201.5515 	EXP 	unnamed TextStim: font = 'Arial'
201.5515 	EXP 	unnamed TextStim: bold = False
201.7385 	EXP 	unnamed Rect: borderColor = [0, 1, 0]
201.7385 	EXP 	unnamed Rect: borderColor = [-1, -1, -1]
204.9551 	EXP 	unnamed ImageStim: image = '/Users/ps6938/My Drive/Projects/FaceRepulsion/stimuli/face_triangles/5_60.jpg'
207.1329 	WARNING 	Requested image '/Users/ps6938/My Drive/Projects/FaceRepulsion/stimuli/objects_seq_v_sim/object6.png' not found but similar filename '/Users/ps6938/My Drive/Projects/FaceRepulsion/stimuli/objects_seq_v_sim/object6.jpg' exists. This will be used instead but changing the filename is advised.
207.1407 	WARNING 	Requested image '/Users/ps6938/My Drive/Projects/FaceRepulsion/stimuli/objects_seq_v_sim/object4.png' not found but similar filename '/Users/ps6938/My Drive/Projects/FaceRepulsion/stimuli/objects_seq_v_sim/object4.jpg' exists. This will be used instead but changing the filename is advised.
207.1443 	WARNING 	Requested image '/Users/ps6938/My Drive/Projects/FaceRepulsion/stimuli/objects_seq_v_sim/object11.png' not found but similar filename '/Users/ps6938/My Drive/Projects/FaceRepulsion/stimuli/objects_seq_v_sim/object11.jpg' exists. This will be used instead but changing the filename is advised.
207.1651 	EXP 	unnamed ImageStim: image = '/Users/ps6938/My Drive/Projects/FaceRepulsion/stimuli/objects_seq_v_sim/object6.png'
207.1651 	EXP 	unnamed ImageStim: image = '/Users/ps6938/My Drive/Projects/FaceRepulsion/stimuli/objects_seq_v_sim/object4.png'
207.1651 	EXP 	unnamed ImageStim: image = '/Users/ps6938/My Drive/Projects/FaceRepulsion/stimuli/objects_seq_v_sim/object11.png'
207.1651 	EXP 	unnamed TextStim: height = 1.1945999999999999
207.1651 	EXP 	unnamed TextStim: height = 1.1945999999999999
207.1651 	EXP 	unnamed TextStim: height = 1.1945999999999999
207.1651 	EXP 	unnamed TextStim: text = '3'
207.1651 	EXP 	unnamed TextStim: height = 1.1945999999999999
207.1651 	EXP 	unnamed TextStim: height = 1.1945999999999999
207.1651 	EXP 	unnamed TextStim: height = 1.1945999999999999
207.1651 	EXP 	unnamed TextStim: text = '2'
207.1651 	EXP 	unnamed TextStim: height = 1.1945999999999999
207.1651 	EXP 	unnamed TextStim: height = 1.1945999999999999
207.1651 	EXP 	unnamed TextStim: height = 1.1945999999999999
207.1651 	EXP 	unnamed TextStim: text = '1'
209.8425 	EXP 	unnamed Rect: borderColor = [0, 1, 0]
209.8425 	EXP 	unnamed Rect: borderColor = [-1, -1, -1]
213.0617 	EXP 	unnamed ImageStim: image = '/Users/ps6938/My Drive/Projects/FaceRepulsion/stimuli/face_triangles/6_20.jpg'
215.2453 	WARNING 	Requested image '/Users/ps6938/My Drive/Projects/FaceRepulsion/stimuli/objects_seq_v_sim/object2.png' not found but similar filename '/Users/ps6938/My Drive/Projects/FaceRepulsion/stimuli/objects_seq_v_sim/object2.jpg' exists. This will be used instead but changing the filename is advised.
215.2536 	WARNING 	Requested image '/Users/ps6938/My Drive/Projects/FaceRepulsion/stimuli/objects_seq_v_sim/object7.png' not found but similar filename '/Users/ps6938/My Drive/Projects/FaceRepulsion/stimuli/objects_seq_v_sim/object7.jpg' exists. This will be used instead but changing the filename is advised.
215.2558 	WARNING 	Requested image '/Users/ps6938/My Drive/Projects/FaceRepulsion/stimuli/objects_seq_v_sim/object6.png' not found but similar filename '/Users/ps6938/My Drive/Projects/FaceRepulsion/stimuli/objects_seq_v_sim/object6.jpg' exists. This will be used instead but changing the filename is advised.
215.2646 	EXP 	unnamed ImageStim: image = '/Users/ps6938/My Drive/Projects/FaceRepulsion/stimuli/objects_seq_v_sim/object2.png'
215.2646 	EXP 	unnamed ImageStim: image = '/Users/ps6938/My Drive/Projects/FaceRepulsion/stimuli/objects_seq_v_sim/object7.png'
215.2646 	EXP 	unnamed ImageStim: image = '/Users/ps6938/My Drive/Projects/FaceRepulsion/stimuli/objects_seq_v_sim/object6.png'
217.9329 	EXP 	unnamed Rect: borderColor = [0, 1, 0]
217.9329 	EXP 	unnamed Rect: borderColor = [-1, -1, -1]
221.1544 	EXP 	unnamed ImageStim: image = '/Users/ps6938/My Drive/Projects/FaceRepulsion/stimuli/face_triangles/7_20.jpg'
223.3441 	WARNING 	Requested image '/Users/ps6938/My Drive/Projects/FaceRepulsion/stimuli/objects_seq_v_sim/object10.png' not found but similar filename '/Users/ps6938/My Drive/Projects/FaceRepulsion/stimuli/objects_seq_v_sim/object10.jpg' exists. This will be used instead but changing the filename is advised.
223.3497 	WARNING 	Requested image '/Users/ps6938/My Drive/Projects/FaceRepulsion/stimuli/objects_seq_v_sim/object4.png' not found but similar filename '/Users/ps6938/My Drive/Projects/FaceRepulsion/stimuli/objects_seq_v_sim/object4.jpg' exists. This will be used instead but changing the filename is advised.
223.3529 	WARNING 	Requested image '/Users/ps6938/My Drive/Projects/FaceRepulsion/stimuli/objects_seq_v_sim/object7.png' not found but similar filename '/Users/ps6938/My Drive/Projects/FaceRepulsion/stimuli/objects_seq_v_sim/object7.jpg' exists. This will be used instead but changing the filename is advised.
223.3617 	EXP 	unnamed ImageStim: image = '/Users/ps6938/My Drive/Projects/FaceRepulsion/stimuli/objects_seq_v_sim/object10.png'
223.3617 	EXP 	unnamed ImageStim: image = '/Users/ps6938/My Drive/Projects/FaceRepulsion/stimuli/objects_seq_v_sim/object4.png'
223.3617 	EXP 	unnamed ImageStim: image = '/Users/ps6938/My Drive/Projects/FaceRepulsion/stimuli/objects_seq_v_sim/object7.png'
226.0393 	EXP 	unnamed Rect: borderColor = [0, 1, 0]
226.0393 	EXP 	unnamed Rect: borderColor = [-1, -1, -1]
229.2499 	EXP 	unnamed ImageStim: image = '/Users/ps6938/My Drive/Projects/FaceRepulsion/stimuli/face_triangles/5_20.jpg'
231.4383 	WARNING 	Requested image '/Users/ps6938/My Drive/Projects/FaceRepulsion/stimuli/objects_seq_v_sim/object10.png' not found but similar filename '/Users/ps6938/My Drive/Projects/FaceRepulsion/stimuli/objects_seq_v_sim/object10.jpg' exists. This will be used instead but changing the filename is advised.
231.4443 	WARNING 	Requested image '/Users/ps6938/My Drive/Projects/FaceRepulsion/stimuli/objects_seq_v_sim/object11.png' not found but similar filename '/Users/ps6938/My Drive/Projects/FaceRepulsion/stimuli/objects_seq_v_sim/object11.jpg' exists. This will be used instead but changing the filename is advised.
231.4474 	WARNING 	Requested image '/Users/ps6938/My Drive/Projects/FaceRepulsion/stimuli/objects_seq_v_sim/object4.png' not found but similar filename '/Users/ps6938/My Drive/Projects/FaceRepulsion/stimuli/objects_seq_v_sim/object4.jpg' exists. This will be used instead but changing the filename is advised.
231.4575 	EXP 	unnamed ImageStim: image = '/Users/ps6938/My Drive/Projects/FaceRepulsion/stimuli/objects_seq_v_sim/object10.png'
231.4575 	EXP 	unnamed ImageStim: image = '/Users/ps6938/My Drive/Projects/FaceRepulsion/stimuli/objects_seq_v_sim/object11.png'
231.4575 	EXP 	unnamed ImageStim: image = '/Users/ps6938/My Drive/Projects/FaceRepulsion/stimuli/objects_seq_v_sim/object4.png'
234.1509 	EXP 	unnamed Rect: borderColor = [0, 1, 0]
234.1509 	EXP 	unnamed Rect: borderColor = [-1, -1, -1]
237.3431 	EXP 	unnamed ImageStim: image = '/Users/ps6938/My Drive/Projects/FaceRepulsion/stimuli/face_triangles/6_60.jpg'
239.5276 	WARNING 	Requested image '/Users/ps6938/My Drive/Projects/FaceRepulsion/stimuli/objects_seq_v_sim/object6.png' not found but similar filename '/Users/ps6938/My Drive/Projects/FaceRepulsion/stimuli/objects_seq_v_sim/object6.jpg' exists. This will be used instead but changing the filename is advised.
239.5353 	WARNING 	Requested image '/Users/ps6938/My Drive/Projects/FaceRepulsion/stimuli/objects_seq_v_sim/object7.png' not found but similar filename '/Users/ps6938/My Drive/Projects/FaceRepulsion/stimuli/objects_seq_v_sim/object7.jpg' exists. This will be used instead but changing the filename is advised.
239.5387 	WARNING 	Requested image '/Users/ps6938/My Drive/Projects/FaceRepulsion/stimuli/objects_seq_v_sim/object2.png' not found but similar filename '/Users/ps6938/My Drive/Projects/FaceRepulsion/stimuli/objects_seq_v_sim/object2.jpg' exists. This will be used instead but changing the filename is advised.
239.5490 	EXP 	unnamed ImageStim: image = '/Users/ps6938/My Drive/Projects/FaceRepulsion/stimuli/objects_seq_v_sim/object6.png'
239.5490 	EXP 	unnamed ImageStim: image = '/Users/ps6938/My Drive/Projects/FaceRepulsion/stimuli/objects_seq_v_sim/object7.png'
239.5490 	EXP 	unnamed ImageStim: image = '/Users/ps6938/My Drive/Projects/FaceRepulsion/stimuli/objects_seq_v_sim/object2.png'
242.2368 	EXP 	unnamed Rect: borderColor = [0, 1, 0]
242.2368 	EXP 	unnamed Rect: borderColor = [-1, -1, -1]
245.4723 	EXP 	Created Waiting = TextStim(__class__=<class 'psychopy.visual.text.TextStim'>, alignHoriz=method-wrapper(...), alignText='center', alignVert=method-wrapper(...), anchorHoriz='center', anchorVert='center', antialias=True, autoDraw=False, autoLog=True, bold=False, color=array([1., 1., 1.]), colorSpace='rgb', contrast=1.0, depth=0, flipHoriz=False, flipVert=False, font='', fontFiles=[], height=50.7, italic=False, languageStyle='LTR', name='Waiting', opacity=1.0, ori=0.0, pos=array([0., 0.]), rgb=UNKNOWN, text='Finished! Press any button to exit.', units='pix', win=Window(...), wrapWidth=1292)
246.7038 	DATA 	Keypress: 3
246.8216 	EXP 	window1: mouseVisible = True
